TN:
SF:/home/packt/workspace/mongo-test/src/app.controller.ts
FN:6,(anonymous_2)
FN:9,(anonymous_3)
FNF:2
FNH:2
FNDA:1,(anonymous_2)
FNDA:1,(anonymous_3)
DA:1,1
DA:2,1
DA:5,1
DA:6,1
DA:9,1
DA:10,1
LF:6
LH:6
BRF:0
BRH:0
end_of_record
TN:
SF:/home/packt/workspace/mongo-test/src/app.service.ts
FN:8,(anonymous_2)
FN:18,(anonymous_3)
FNF:2
FNH:2
FNDA:1,(anonymous_2)
FNDA:1,(anonymous_3)
DA:1,1
DA:2,1
DA:5,1
DA:9,1
DA:11,1
DA:12,0
DA:15,1
DA:19,1
LF:8
LH:7
BRDA:11,0,0,0
BRDA:11,0,1,1
BRF:2
BRH:1
end_of_record
TN:
SF:/home/packt/workspace/mongo-test/src/config/config.module.ts
FNF:0
FNH:0
DA:1,2
DA:2,2
DA:3,2
DA:18,2
LF:4
LH:4
BRF:0
BRH:0
end_of_record
TN:
SF:/home/packt/workspace/mongo-test/src/config/services/config/config.service.ts
FN:12,(anonymous_2)
FN:27,(anonymous_3)
FN:32,(anonymous_4)
FN:43,(anonymous_5)
FNF:4
FNH:3
FNDA:4,(anonymous_2)
FNDA:0,(anonymous_3)
FNDA:1,(anonymous_4)
FNDA:4,(anonymous_5)
DA:1,4
DA:2,4
DA:3,4
DA:4,4
DA:9,4
DA:13,4
DA:15,0
DA:16,0
DA:19,4
DA:24,4
DA:28,0
DA:33,1
DA:44,4
DA:53,4
DA:56,4
DA:57,0
DA:59,4
LF:17
LH:13
BRDA:13,0,0,0
BRDA:13,0,1,4
BRDA:22,1,0,4
BRDA:22,1,1,4
BRDA:56,2,0,0
BRDA:56,2,1,4
BRF:6
BRH:4
end_of_record
TN:
SF:/home/packt/workspace/mongo-test/src/config/services/mongoose-config/mongoose-config.service.ts
FN:9,(anonymous_2)
FN:12,(anonymous_3)
FNF:2
FNH:1
FNDA:2,(anonymous_2)
FNDA:0,(anonymous_3)
DA:1,4
DA:3,4
DA:6,4
DA:10,2
DA:13,0
LF:5
LH:4
BRF:0
BRH:0
end_of_record
TN:
SF:/home/packt/workspace/mongo-test/src/poi/controllers/poi/poi.controller.ts
FNF:0
FNH:0
DA:1,1
DA:4,1
LF:2
LH:2
BRF:0
BRH:0
end_of_record
TN:
SF:/home/packt/workspace/mongo-test/src/poi/models/index.ts
FNF:0
FNH:0
DA:1,2
LF:1
LH:1
BRF:0
BRH:0
end_of_record
TN:
SF:/home/packt/workspace/mongo-test/src/poi/models/poi.model.ts
FNF:0
FNH:0
DA:1,2
DA:3,2
LF:2
LH:2
BRF:0
BRH:0
end_of_record
TN:
SF:/home/packt/workspace/mongo-test/src/poi/schemas/index.ts
FNF:0
FNH:0
DA:1,2
LF:1
LH:1
BRF:0
BRH:0
end_of_record
TN:
SF:/home/packt/workspace/mongo-test/src/poi/schemas/poi.schema.ts
FNF:0
FNH:0
DA:1,2
DA:2,2
LF:2
LH:2
BRF:0
BRH:0
end_of_record
TN:
SF:/home/packt/workspace/mongo-test/src/poi/services/poi/poi.service.ts
FN:11,(anonymous_4)
FNF:1
FNH:0
FNDA:0,(anonymous_4)
DA:1,2
DA:2,2
DA:3,2
DA:8,2
DA:15,0
LF:5
LH:4
BRF:0
BRH:0
end_of_record
